<?xml version="1.0" encoding="UTF-8"?>
<!-- Generated by org.testng.reporters.JUnitReportReporter -->
<testsuite hostname="DESKTOP-QGD3E8F" failures="0" tests="3" name="tests.Tests" time="52.502" errors="0" timestamp="2022-07-27T22:15:55 COT" skipped="0">
  <testcase classname="tests.Tests" name="fligthReservation" time="23.197"/>
  <system-out/>
  <testcase classname="tests.Tests" name="LoginIncorrecto" time="19.051"/>
  <system-out/>
  <testcase classname="tests.Tests" name="pruebaInputsNumber" time="10.254"/>
  <system-out/>
</testsuite> <!-- tests.Tests -->
